<?xml version="1.0" encoding="UTF-8"?>
<testsuite xmlns:xsi="http://www.w3.org/2001/XMLSchema-instance" xsi:noNamespaceSchemaLocation="https://maven.apache.org/surefire/maven-surefire-plugin/xsd/surefire-test-report.xsd" name="com.telegram.AppTest" time="0.069" tests="1" errors="0" skipped="0" failures="0">
  <properties>
    <property name="java.specification.version" value="13"/>
    <property name="sun.cpu.isalist" value="amd64"/>
    <property name="sun.jnu.encoding" value="Cp1251"/>
    <property name="java.class.path" value="C:\Users\kuzae\IdeaProjects\telegram_start\target\test-classes;C:\Users\kuzae\IdeaProjects\telegram_start\target\classes;C:\Users\kuzae\.m2\repository\junit\junit\4.11\junit-4.11.jar;C:\Users\kuzae\.m2\repository\org\hamcrest\hamcrest-core\1.3\hamcrest-core-1.3.jar;C:\Users\kuzae\.m2\repository\org\telegram\telegrambots\3.5\telegrambots-3.5.jar;C:\Users\kuzae\.m2\repository\org\telegram\telegrambots-meta\3.5\telegrambots-meta-3.5.jar;C:\Users\kuzae\.m2\repository\com\google\inject\guice\4.1.0\guice-4.1.0.jar;C:\Users\kuzae\.m2\repository\javax\inject\javax.inject\1\javax.inject-1.jar;C:\Users\kuzae\.m2\repository\aopalliance\aopalliance\1.0\aopalliance-1.0.jar;C:\Users\kuzae\.m2\repository\com\google\guava\guava\19.0\guava-19.0.jar;C:\Users\kuzae\.m2\repository\com\fasterxml\jackson\core\jackson-annotations\2.8.0\jackson-annotations-2.8.0.jar;C:\Users\kuzae\.m2\repository\com\fasterxml\jackson\jaxrs\jackson-jaxrs-json-provider\2.8.7\jackson-jaxrs-json-provider-2.8.7.jar;C:\Users\kuzae\.m2\repository\com\fasterxml\jackson\jaxrs\jackson-jaxrs-base\2.8.7\jackson-jaxrs-base-2.8.7.jar;C:\Users\kuzae\.m2\repository\com\fasterxml\jackson\core\jackson-core\2.8.7\jackson-core-2.8.7.jar;C:\Users\kuzae\.m2\repository\com\fasterxml\jackson\module\jackson-module-jaxb-annotations\2.8.7\jackson-module-jaxb-annotations-2.8.7.jar;C:\Users\kuzae\.m2\repository\com\fasterxml\jackson\core\jackson-databind\2.8.7\jackson-databind-2.8.7.jar;C:\Users\kuzae\.m2\repository\org\glassfish\jersey\media\jersey-media-json-jackson\2.25.1\jersey-media-json-jackson-2.25.1.jar;C:\Users\kuzae\.m2\repository\org\glassfish\jersey\core\jersey-common\2.25.1\jersey-common-2.25.1.jar;C:\Users\kuzae\.m2\repository\org\glassfish\jersey\bundles\repackaged\jersey-guava\2.25.1\jersey-guava-2.25.1.jar;C:\Users\kuzae\.m2\repository\org\glassfish\hk2\osgi-resource-locator\1.0.1\osgi-resource-locator-1.0.1.jar;C:\Users\kuzae\.m2\repository\org\glassfish\jersey\ext\jersey-entity-filtering\2.25.1\jersey-entity-filtering-2.25.1.jar;C:\Users\kuzae\.m2\repository\org\glassfish\jersey\containers\jersey-container-grizzly2-http\2.25.1\jersey-container-grizzly2-http-2.25.1.jar;C:\Users\kuzae\.m2\repository\org\glassfish\hk2\external\javax.inject\2.5.0-b32\javax.inject-2.5.0-b32.jar;C:\Users\kuzae\.m2\repository\org\glassfish\grizzly\grizzly-http-server\2.3.28\grizzly-http-server-2.3.28.jar;C:\Users\kuzae\.m2\repository\org\glassfish\grizzly\grizzly-http\2.3.28\grizzly-http-2.3.28.jar;C:\Users\kuzae\.m2\repository\org\glassfish\grizzly\grizzly-framework\2.3.28\grizzly-framework-2.3.28.jar;C:\Users\kuzae\.m2\repository\javax\ws\rs\javax.ws.rs-api\2.0.1\javax.ws.rs-api-2.0.1.jar;C:\Users\kuzae\.m2\repository\org\glassfish\jersey\core\jersey-server\2.25.1\jersey-server-2.25.1.jar;C:\Users\kuzae\.m2\repository\org\glassfish\jersey\core\jersey-client\2.25.1\jersey-client-2.25.1.jar;C:\Users\kuzae\.m2\repository\org\glassfish\jersey\media\jersey-media-jaxb\2.25.1\jersey-media-jaxb-2.25.1.jar;C:\Users\kuzae\.m2\repository\javax\annotation\javax.annotation-api\1.2\javax.annotation-api-1.2.jar;C:\Users\kuzae\.m2\repository\org\glassfish\hk2\hk2-api\2.5.0-b32\hk2-api-2.5.0-b32.jar;C:\Users\kuzae\.m2\repository\org\glassfish\hk2\hk2-utils\2.5.0-b32\hk2-utils-2.5.0-b32.jar;C:\Users\kuzae\.m2\repository\org\glassfish\hk2\external\aopalliance-repackaged\2.5.0-b32\aopalliance-repackaged-2.5.0-b32.jar;C:\Users\kuzae\.m2\repository\org\glassfish\hk2\hk2-locator\2.5.0-b32\hk2-locator-2.5.0-b32.jar;C:\Users\kuzae\.m2\repository\org\javassist\javassist\3.20.0-GA\javassist-3.20.0-GA.jar;C:\Users\kuzae\.m2\repository\javax\validation\validation-api\1.1.0.Final\validation-api-1.1.0.Final.jar;C:\Users\kuzae\.m2\repository\org\json\json\20160810\json-20160810.jar;C:\Users\kuzae\.m2\repository\org\apache\httpcomponents\httpclient\4.5.3\httpclient-4.5.3.jar;C:\Users\kuzae\.m2\repository\org\apache\httpcomponents\httpcore\4.4.6\httpcore-4.4.6.jar;C:\Users\kuzae\.m2\repository\commons-logging\commons-logging\1.2\commons-logging-1.2.jar;C:\Users\kuzae\.m2\repository\commons-codec\commons-codec\1.9\commons-codec-1.9.jar;C:\Users\kuzae\.m2\repository\org\apache\httpcomponents\httpmime\4.5.3\httpmime-4.5.3.jar;C:\Users\kuzae\.m2\repository\commons-io\commons-io\2.5\commons-io-2.5.jar;"/>
    <property name="java.vm.vendor" value="Oracle Corporation"/>
    <property name="sun.arch.data.model" value="64"/>
    <property name="user.variant" value=""/>
    <property name="java.vendor.url" value="https://java.oracle.com/"/>
    <property name="user.timezone" value="Asia/Yekaterinburg"/>
    <property name="os.name" value="Windows 10"/>
    <property name="java.vm.specification.version" value="13"/>
    <property name="sun.java.launcher" value="SUN_STANDARD"/>
    <property name="user.country" value="RU"/>
    <property name="sun.boot.library.path" value="C:\Program Files\Java\jdk-13.0.2\bin"/>
    <property name="sun.java.command" value="C:\Users\kuzae\AppData\Local\Temp\surefire8180713449170236919\surefirebooter1191865804229052412.jar C:\Users\kuzae\AppData\Local\Temp\surefire8180713449170236919 2021-05-24T23-16-36_708-jvmRun1 surefire17515581529170975893tmp surefire_016672509672750746427tmp"/>
    <property name="jdk.debug" value="release"/>
    <property name="surefire.test.class.path" value="C:\Users\kuzae\IdeaProjects\telegram_start\target\test-classes;C:\Users\kuzae\IdeaProjects\telegram_start\target\classes;C:\Users\kuzae\.m2\repository\junit\junit\4.11\junit-4.11.jar;C:\Users\kuzae\.m2\repository\org\hamcrest\hamcrest-core\1.3\hamcrest-core-1.3.jar;C:\Users\kuzae\.m2\repository\org\telegram\telegrambots\3.5\telegrambots-3.5.jar;C:\Users\kuzae\.m2\repository\org\telegram\telegrambots-meta\3.5\telegrambots-meta-3.5.jar;C:\Users\kuzae\.m2\repository\com\google\inject\guice\4.1.0\guice-4.1.0.jar;C:\Users\kuzae\.m2\repository\javax\inject\javax.inject\1\javax.inject-1.jar;C:\Users\kuzae\.m2\repository\aopalliance\aopalliance\1.0\aopalliance-1.0.jar;C:\Users\kuzae\.m2\repository\com\google\guava\guava\19.0\guava-19.0.jar;C:\Users\kuzae\.m2\repository\com\fasterxml\jackson\core\jackson-annotations\2.8.0\jackson-annotations-2.8.0.jar;C:\Users\kuzae\.m2\repository\com\fasterxml\jackson\jaxrs\jackson-jaxrs-json-provider\2.8.7\jackson-jaxrs-json-provider-2.8.7.jar;C:\Users\kuzae\.m2\repository\com\fasterxml\jackson\jaxrs\jackson-jaxrs-base\2.8.7\jackson-jaxrs-base-2.8.7.jar;C:\Users\kuzae\.m2\repository\com\fasterxml\jackson\core\jackson-core\2.8.7\jackson-core-2.8.7.jar;C:\Users\kuzae\.m2\repository\com\fasterxml\jackson\module\jackson-module-jaxb-annotations\2.8.7\jackson-module-jaxb-annotations-2.8.7.jar;C:\Users\kuzae\.m2\repository\com\fasterxml\jackson\core\jackson-databind\2.8.7\jackson-databind-2.8.7.jar;C:\Users\kuzae\.m2\repository\org\glassfish\jersey\media\jersey-media-json-jackson\2.25.1\jersey-media-json-jackson-2.25.1.jar;C:\Users\kuzae\.m2\repository\org\glassfish\jersey\core\jersey-common\2.25.1\jersey-common-2.25.1.jar;C:\Users\kuzae\.m2\repository\org\glassfish\jersey\bundles\repackaged\jersey-guava\2.25.1\jersey-guava-2.25.1.jar;C:\Users\kuzae\.m2\repository\org\glassfish\hk2\osgi-resource-locator\1.0.1\osgi-resource-locator-1.0.1.jar;C:\Users\kuzae\.m2\repository\org\glassfish\jersey\ext\jersey-entity-filtering\2.25.1\jersey-entity-filtering-2.25.1.jar;C:\Users\kuzae\.m2\repository\org\glassfish\jersey\containers\jersey-container-grizzly2-http\2.25.1\jersey-container-grizzly2-http-2.25.1.jar;C:\Users\kuzae\.m2\repository\org\glassfish\hk2\external\javax.inject\2.5.0-b32\javax.inject-2.5.0-b32.jar;C:\Users\kuzae\.m2\repository\org\glassfish\grizzly\grizzly-http-server\2.3.28\grizzly-http-server-2.3.28.jar;C:\Users\kuzae\.m2\repository\org\glassfish\grizzly\grizzly-http\2.3.28\grizzly-http-2.3.28.jar;C:\Users\kuzae\.m2\repository\org\glassfish\grizzly\grizzly-framework\2.3.28\grizzly-framework-2.3.28.jar;C:\Users\kuzae\.m2\repository\javax\ws\rs\javax.ws.rs-api\2.0.1\javax.ws.rs-api-2.0.1.jar;C:\Users\kuzae\.m2\repository\org\glassfish\jersey\core\jersey-server\2.25.1\jersey-server-2.25.1.jar;C:\Users\kuzae\.m2\repository\org\glassfish\jersey\core\jersey-client\2.25.1\jersey-client-2.25.1.jar;C:\Users\kuzae\.m2\repository\org\glassfish\jersey\media\jersey-media-jaxb\2.25.1\jersey-media-jaxb-2.25.1.jar;C:\Users\kuzae\.m2\repository\javax\annotation\javax.annotation-api\1.2\javax.annotation-api-1.2.jar;C:\Users\kuzae\.m2\repository\org\glassfish\hk2\hk2-api\2.5.0-b32\hk2-api-2.5.0-b32.jar;C:\Users\kuzae\.m2\repository\org\glassfish\hk2\hk2-utils\2.5.0-b32\hk2-utils-2.5.0-b32.jar;C:\Users\kuzae\.m2\repository\org\glassfish\hk2\external\aopalliance-repackaged\2.5.0-b32\aopalliance-repackaged-2.5.0-b32.jar;C:\Users\kuzae\.m2\repository\org\glassfish\hk2\hk2-locator\2.5.0-b32\hk2-locator-2.5.0-b32.jar;C:\Users\kuzae\.m2\repository\org\javassist\javassist\3.20.0-GA\javassist-3.20.0-GA.jar;C:\Users\kuzae\.m2\repository\javax\validation\validation-api\1.1.0.Final\validation-api-1.1.0.Final.jar;C:\Users\kuzae\.m2\repository\org\json\json\20160810\json-20160810.jar;C:\Users\kuzae\.m2\repository\org\apache\httpcomponents\httpclient\4.5.3\httpclient-4.5.3.jar;C:\Users\kuzae\.m2\repository\org\apache\httpcomponents\httpcore\4.4.6\httpcore-4.4.6.jar;C:\Users\kuzae\.m2\repository\commons-logging\commons-logging\1.2\commons-logging-1.2.jar;C:\Users\kuzae\.m2\repository\commons-codec\commons-codec\1.9\commons-codec-1.9.jar;C:\Users\kuzae\.m2\repository\org\apache\httpcomponents\httpmime\4.5.3\httpmime-4.5.3.jar;C:\Users\kuzae\.m2\repository\commons-io\commons-io\2.5\commons-io-2.5.jar;"/>
    <property name="sun.cpu.endian" value="little"/>
    <property name="user.home" value="C:\Users\kuzae"/>
    <property name="user.language" value="ru"/>
    <property name="java.specification.vendor" value="Oracle Corporation"/>
    <property name="java.version.date" value="2020-01-14"/>
    <property name="java.home" value="C:\Program Files\Java\jdk-13.0.2"/>
    <property name="file.separator" value="\"/>
    <property name="basedir" value="C:\Users\kuzae\IdeaProjects\telegram_start"/>
    <property name="java.vm.compressedOopsMode" value="Zero based"/>
    <property name="line.separator" value="&#10;"/>
    <property name="idea.version2019.2.4" value="true"/>
    <property name="java.vm.specification.vendor" value="Oracle Corporation"/>
    <property name="java.specification.name" value="Java Platform API Specification"/>
    <property name="surefire.real.class.path" value="C:\Users\kuzae\AppData\Local\Temp\surefire8180713449170236919\surefirebooter1191865804229052412.jar"/>
    <property name="user.script" value=""/>
    <property name="sun.management.compiler" value="HotSpot 64-Bit Tiered Compilers"/>
    <property name="java.runtime.version" value="13.0.2+8"/>
    <property name="user.name" value="kuzae"/>
    <property name="path.separator" value=";"/>
    <property name="os.version" value="10.0"/>
    <property name="java.runtime.name" value="Java(TM) SE Runtime Environment"/>
    <property name="file.encoding" value="Cp1251"/>
    <property name="java.vm.name" value="Java HotSpot(TM) 64-Bit Server VM"/>
    <property name="localRepository" value="C:\Users\kuzae\.m2\repository"/>
    <property name="java.vendor.url.bug" value="https://bugreport.java.com/bugreport/"/>
    <property name="java.io.tmpdir" value="C:\Users\kuzae\AppData\Local\Temp\"/>
    <property name="java.version" value="13.0.2"/>
    <property name="user.dir" value="C:\Users\kuzae\IdeaProjects\telegram_start"/>
    <property name="os.arch" value="amd64"/>
    <property name="java.vm.specification.name" value="Java Virtual Machine Specification"/>
    <property name="sun.os.patch.level" value=""/>
    <property name="java.library.path" value="C:\Program Files\Java\jdk-13.0.2\bin;C:\Windows\Sun\Java\bin;C:\Windows\system32;C:\Windows;C:\Program Files (x86)\Common Files\Oracle\Java\javapath;C:\Program Files (x86)\VMware\VMware Workstation\bin\;C:\Program Files\Common Files\Oracle\Java\javapath;C:\Windows\system32;C:\Windows;C:\Windows\System32\Wbem;C:\Windows\System32\WindowsPowerShell\v1.0\;C:\Windows\System32\OpenSSH\;C:\Program Files\Microsoft VS Code\bin;C:\Program Files\Git\cmd;C:\Program Files\nodejs\;C:\Program Files\MySQL\MySQL Shell 8.0\bin\;C:\Users\kuzae\AppData\Local\Microsoft\WindowsApps;C:\Program Files\JetBrains\IntelliJ IDEA 2019.2.4\bin;;;C:\Program Files\JetBrains\IntelliJ IDEA Community Edition 2020.3.2\bin;;C:\Users\kuzae\AppData\Roaming\npm;."/>
    <property name="java.vm.info" value="mixed mode, sharing"/>
    <property name="java.vendor" value="Oracle Corporation"/>
    <property name="java.vm.version" value="13.0.2+8"/>
    <property name="sun.io.unicode.encoding" value="UnicodeLittle"/>
    <property name="java.class.version" value="57.0"/>
  </properties>
  <testcase name="shouldAnswerWithTrue" classname="com.telegram.AppTest" time="0.003"/>
</testsuite>